2025-05-07T00:01:35.110+07:00 ERROR 91734 --- [timetable] [http-nio-8080-exec-8] r.n.t.c.security.jwt.AuthEntryPointJwt   : Unauthorized error: Full authentication is required to access this resource
2025-05-07T00:02:41.020+07:00  INFO 91734 --- [timetable] [http-nio-8080-exec-10] o.springdoc.api.AbstractOpenApiResource  : Init duration for springdoc-openapi is: 1145 ms
2025-05-07T00:52:54.476+07:00 ERROR 91734 --- [timetable] [http-nio-8080-exec-1] r.n.t.c.security.jwt.AuthEntryPointJwt   : Unauthorized error: Full authentication is required to access this resource
2025-05-07T00:53:13.044+07:00 ERROR 91734 --- [timetable] [http-nio-8080-exec-2] r.n.t.c.security.jwt.AuthEntryPointJwt   : Unauthorized error: Full authentication is required to access this resource
2025-05-07T00:54:58.096+07:00 ERROR 91734 --- [timetable] [http-nio-8080-exec-6] r.n.t.c.security.jwt.AuthEntryPointJwt   : Unauthorized error: Full authentication is required to access this resource
2025-05-07T00:55:16.566+07:00 ERROR 91734 --- [timetable] [http-nio-8080-exec-8] r.n.t.c.security.jwt.AuthEntryPointJwt   : Unauthorized error: Full authentication is required to access this resource
2025-05-07T00:55:20.386+07:00 ERROR 91734 --- [timetable] [http-nio-8080-exec-7] r.n.t.c.security.jwt.AuthEntryPointJwt   : Unauthorized error: Full authentication is required to access this resource
2025-05-07T00:55:55.842+07:00 ERROR 91734 --- [timetable] [http-nio-8080-exec-5] r.n.t.c.security.jwt.AuthEntryPointJwt   : Unauthorized error: Full authentication is required to access this resource
2025-05-07T00:55:55.988+07:00 ERROR 91734 --- [timetable] [http-nio-8080-exec-10] r.n.t.c.security.jwt.AuthEntryPointJwt   : Unauthorized error: Full authentication is required to access this resource
2025-05-07T00:56:14.031+07:00 ERROR 91734 --- [timetable] [http-nio-8080-exec-3] r.n.t.c.security.jwt.AuthEntryPointJwt   : Unauthorized error: Full authentication is required to access this resource
2025-05-07T00:56:29.263+07:00 ERROR 91734 --- [timetable] [http-nio-8080-exec-1] r.n.t.c.security.jwt.AuthEntryPointJwt   : Unauthorized error: Full authentication is required to access this resource
2025-05-07T00:56:36.979+07:00 ERROR 91734 --- [timetable] [http-nio-8080-exec-2] r.n.t.c.security.jwt.AuthEntryPointJwt   : Unauthorized error: Full authentication is required to access this resource
2025-05-07T00:57:33.214+07:00 ERROR 91734 --- [timetable] [http-nio-8080-exec-6] r.n.t.c.security.jwt.AuthEntryPointJwt   : Unauthorized error: Full authentication is required to access this resource
2025-05-07T00:57:51.144+07:00 ERROR 91734 --- [timetable] [http-nio-8080-exec-8] r.n.t.c.security.jwt.AuthEntryPointJwt   : Unauthorized error: Full authentication is required to access this resource
2025-05-07T00:58:01.689+07:00 ERROR 91734 --- [timetable] [http-nio-8080-exec-7] r.n.t.c.security.jwt.AuthEntryPointJwt   : Unauthorized error: Full authentication is required to access this resource
2025-05-07T00:58:10.698+07:00 ERROR 91734 --- [timetable] [http-nio-8080-exec-9] r.n.t.c.security.jwt.AuthEntryPointJwt   : Unauthorized error: Full authentication is required to access this resource
2025-05-07T00:58:18.211+07:00 ERROR 91734 --- [timetable] [http-nio-8080-exec-5] r.n.t.c.security.jwt.AuthEntryPointJwt   : Unauthorized error: Full authentication is required to access this resource
2025-05-07T00:58:29.804+07:00 ERROR 91734 --- [timetable] [http-nio-8080-exec-10] r.n.t.c.security.jwt.AuthEntryPointJwt   : Unauthorized error: Full authentication is required to access this resource
2025-05-07T00:58:58.174+07:00 ERROR 91734 --- [timetable] [http-nio-8080-exec-3] r.n.t.c.security.jwt.AuthEntryPointJwt   : Unauthorized error: Full authentication is required to access this resource
2025-05-07T00:59:09.149+07:00  INFO 91734 --- [timetable] [SpringApplicationShutdownHook] j.LocalContainerEntityManagerFactoryBean : Closing JPA EntityManagerFactory for persistence unit 'default'
2025-05-07T00:59:09.204+07:00  INFO 91734 --- [timetable] [SpringApplicationShutdownHook] com.zaxxer.hikari.HikariDataSource       : HikariPool-1 - Shutdown initiated...
2025-05-07T00:59:09.219+07:00  INFO 91734 --- [timetable] [SpringApplicationShutdownHook] com.zaxxer.hikari.HikariDataSource       : HikariPool-1 - Shutdown completed.
